<?xml version="1.0" encoding="UTF-8"?>
<testsuite xmlns:xsi="http://www.w3.org/2001/XMLSchema-instance" xsi:noNamespaceSchemaLocation="https://maven.apache.org/surefire/maven-surefire-plugin/xsd/surefire-test-report.xsd" name="com.wang.AppTest" time="0.013" tests="1" errors="0" skipped="0" failures="0">
  <properties>
    <property name="sun.desktop" value="windows"/>
    <property name="awt.toolkit" value="sun.awt.windows.WToolkit"/>
    <property name="file.encoding.pkg" value="sun.io"/>
    <property name="java.specification.version" value="1.8"/>
    <property name="sun.cpu.isalist" value="amd64"/>
    <property name="sun.jnu.encoding" value="GBK"/>
    <property name="java.class.path" value="D:\Java Projects\lottery\target\test-classes;D:\Java Projects\lottery\target\classes;C:\Users\HASEE\.m2\repository\junit\junit\4.11\junit-4.11.jar;C:\Users\HASEE\.m2\repository\org\hamcrest\hamcrest-core\1.3\hamcrest-core-1.3.jar;C:\Users\HASEE\.m2\repository\com\fasterxml\jackson\core\jackson-databind\2.15.2\jackson-databind-2.15.2.jar;C:\Users\HASEE\.m2\repository\com\fasterxml\jackson\core\jackson-annotations\2.15.2\jackson-annotations-2.15.2.jar;C:\Users\HASEE\.m2\repository\com\fasterxml\jackson\core\jackson-core\2.15.2\jackson-core-2.15.2.jar;C:\Users\HASEE\.m2\repository\org\apache\httpcomponents\client5\httpclient5-fluent\5.1.3\httpclient5-fluent-5.1.3.jar;C:\Users\HASEE\.m2\repository\org\apache\httpcomponents\client5\httpclient5\5.1.3\httpclient5-5.1.3.jar;C:\Users\HASEE\.m2\repository\org\apache\httpcomponents\core5\httpcore5\5.1.3\httpcore5-5.1.3.jar;C:\Users\HASEE\.m2\repository\org\apache\httpcomponents\core5\httpcore5-h2\5.1.3\httpcore5-h2-5.1.3.jar;C:\Users\HASEE\.m2\repository\commons-codec\commons-codec\1.15\commons-codec-1.15.jar;C:\Users\HASEE\.m2\repository\org\slf4j\slf4j-api\1.7.25\slf4j-api-1.7.25.jar;C:\Users\HASEE\.m2\repository\org\slf4j\jul-to-slf4j\2.0.9\jul-to-slf4j-2.0.9.jar;"/>
    <property name="java.vm.vendor" value="OpenLogic-OpenJDK"/>
    <property name="sun.arch.data.model" value="64"/>
    <property name="user.variant" value=""/>
    <property name="java.vendor.url" value="http://java.oracle.com/"/>
    <property name="user.timezone" value="Europe/Paris"/>
    <property name="java.vm.specification.version" value="1.8"/>
    <property name="os.name" value="Windows 11"/>
    <property name="user.country" value="CN"/>
    <property name="sun.java.launcher" value="SUN_STANDARD"/>
    <property name="sun.boot.library.path" value="C:\Program Files\OpenLogic\jdk-8.0.432.06-hotspot\jre\bin"/>
    <property name="sun.java.command" value="C:\Users\HASEE\AppData\Local\Temp\surefire6251359856800463901\surefirebooter604790783934731303.jar C:\Users\HASEE\AppData\Local\Temp\surefire6251359856800463901 2025-01-02T10-47-44_782-jvmRun1 surefire8862849328312235089tmp surefire_05640028978310028272tmp"/>
    <property name="surefire.test.class.path" value="D:\Java Projects\lottery\target\test-classes;D:\Java Projects\lottery\target\classes;C:\Users\HASEE\.m2\repository\junit\junit\4.11\junit-4.11.jar;C:\Users\HASEE\.m2\repository\org\hamcrest\hamcrest-core\1.3\hamcrest-core-1.3.jar;C:\Users\HASEE\.m2\repository\com\fasterxml\jackson\core\jackson-databind\2.15.2\jackson-databind-2.15.2.jar;C:\Users\HASEE\.m2\repository\com\fasterxml\jackson\core\jackson-annotations\2.15.2\jackson-annotations-2.15.2.jar;C:\Users\HASEE\.m2\repository\com\fasterxml\jackson\core\jackson-core\2.15.2\jackson-core-2.15.2.jar;C:\Users\HASEE\.m2\repository\org\apache\httpcomponents\client5\httpclient5-fluent\5.1.3\httpclient5-fluent-5.1.3.jar;C:\Users\HASEE\.m2\repository\org\apache\httpcomponents\client5\httpclient5\5.1.3\httpclient5-5.1.3.jar;C:\Users\HASEE\.m2\repository\org\apache\httpcomponents\core5\httpcore5\5.1.3\httpcore5-5.1.3.jar;C:\Users\HASEE\.m2\repository\org\apache\httpcomponents\core5\httpcore5-h2\5.1.3\httpcore5-h2-5.1.3.jar;C:\Users\HASEE\.m2\repository\commons-codec\commons-codec\1.15\commons-codec-1.15.jar;C:\Users\HASEE\.m2\repository\org\slf4j\slf4j-api\1.7.25\slf4j-api-1.7.25.jar;C:\Users\HASEE\.m2\repository\org\slf4j\jul-to-slf4j\2.0.9\jul-to-slf4j-2.0.9.jar;"/>
    <property name="sun.cpu.endian" value="little"/>
    <property name="user.home" value="C:\Users\HASEE"/>
    <property name="user.language" value="zh"/>
    <property name="java.specification.vendor" value="Oracle Corporation"/>
    <property name="java.home" value="C:\Program Files\OpenLogic\jdk-8.0.432.06-hotspot\jre"/>
    <property name="basedir" value="D:\Java Projects\lottery"/>
    <property name="file.separator" value="\"/>
    <property name="line.separator" value="&#10;"/>
    <property name="java.vm.specification.vendor" value="Oracle Corporation"/>
    <property name="java.specification.name" value="Java Platform API Specification"/>
    <property name="java.awt.graphicsenv" value="sun.awt.Win32GraphicsEnvironment"/>
    <property name="surefire.real.class.path" value="C:\Users\HASEE\AppData\Local\Temp\surefire6251359856800463901\surefirebooter604790783934731303.jar"/>
    <property name="sun.boot.class.path" value="C:\Program Files\OpenLogic\jdk-8.0.432.06-hotspot\jre\lib\resources.jar;C:\Program Files\OpenLogic\jdk-8.0.432.06-hotspot\jre\lib\rt.jar;C:\Program Files\OpenLogic\jdk-8.0.432.06-hotspot\jre\lib\sunrsasign.jar;C:\Program Files\OpenLogic\jdk-8.0.432.06-hotspot\jre\lib\jsse.jar;C:\Program Files\OpenLogic\jdk-8.0.432.06-hotspot\jre\lib\jce.jar;C:\Program Files\OpenLogic\jdk-8.0.432.06-hotspot\jre\lib\charsets.jar;C:\Program Files\OpenLogic\jdk-8.0.432.06-hotspot\jre\lib\jfr.jar;C:\Program Files\OpenLogic\jdk-8.0.432.06-hotspot\jre\classes"/>
    <property name="user.script" value=""/>
    <property name="sun.management.compiler" value="HotSpot 64-Bit Tiered Compilers"/>
    <property name="java.runtime.version" value="1.8.0_432-432-b06"/>
    <property name="user.name" value="HASEE"/>
    <property name="path.separator" value=";"/>
    <property name="os.version" value="10.0"/>
    <property name="java.endorsed.dirs" value="C:\Program Files\OpenLogic\jdk-8.0.432.06-hotspot\jre\lib\endorsed"/>
    <property name="java.runtime.name" value="OpenJDK Runtime Environment"/>
    <property name="file.encoding" value="GBK"/>
    <property name="java.vm.name" value="OpenJDK 64-Bit Server VM"/>
    <property name="localRepository" value="C:\Users\HASEE\.m2\repository"/>
    <property name="java.vendor.url.bug" value="http://bugreport.sun.com/bugreport/"/>
    <property name="java.io.tmpdir" value="C:\Users\HASEE\AppData\Local\Temp\"/>
    <property name="java.version" value="1.8.0_432-432"/>
    <property name="user.dir" value="D:\Java Projects\lottery"/>
    <property name="os.arch" value="amd64"/>
    <property name="java.vm.specification.name" value="Java Virtual Machine Specification"/>
    <property name="java.awt.printerjob" value="sun.awt.windows.WPrinterJob"/>
    <property name="sun.os.patch.level" value=""/>
    <property name="java.library.path" value="C:\Program Files\OpenLogic\jdk-8.0.432.06-hotspot\jre\bin;C:\Windows\Sun\Java\bin;C:\Windows\system32;C:\Windows;C:\Program Files\OpenLogic\jdk-8.0.432.06-hotspot\bin;C:\Windows\system32;C:\Windows;C:\Windows\System32\Wbem;C:\Windows\System32\WindowsPowerShell\v1.0\;C:\Windows\System32\OpenSSH\;C:\Program Files (x86)\NVIDIA Corporation\PhysX\Common;C:\Program Files\NVIDIA Corporation\NVIDIA NvDLISR;C:\Program Files\PuTTY\;C:\Program Files\Microsoft VS Code\bin;C:\msys64\mingw64\bin;C:\Program Files\Git\cmd;C:\Program Files\dotnet\;D:\apache-maven-3.9.9\bin;C:\Users\HASEE\AppData\Local\Programs\Python\Launcher\;C:\Users\HASEE\scoop\shims;C:\Users\HASEE\AppData\Local\Microsoft\WindowsApps;;c:\Users\HASEE\AppData\Roaming\Code\User\globalStorage\github.copilot-chat\debugCommand;."/>
    <property name="java.vm.info" value="mixed mode"/>
    <property name="java.vendor" value="OpenLogic-OpenJDK"/>
    <property name="java.vm.version" value="25.432-b06"/>
    <property name="java.specification.maintenance.version" value="6"/>
    <property name="java.ext.dirs" value="C:\Program Files\OpenLogic\jdk-8.0.432.06-hotspot\jre\lib\ext;C:\Windows\Sun\Java\lib\ext"/>
    <property name="sun.io.unicode.encoding" value="UnicodeLittle"/>
    <property name="java.class.version" value="52.0"/>
  </properties>
  <testcase name="shouldAnswerWithTrue" classname="com.wang.AppTest" time="0.001"/>
</testsuite>